\BOOKMARK [1][-]{section.1}{\376\377\000I\000n\000t\000r\000o\000d\000u\000c\000t\000i\000o\000n\000\040\000e\000t\000\040\000D\000\351\000c\000l\000a\000r\000a\000t\000i\000o\000n\000\040\000d\000e\000\040\000l\000'\000A\000u\000t\000e\000u\000r}{}% 1
\BOOKMARK [2][-]{subsection.1.1}{\376\377\000C\000o\000o\000r\000d\000o\000n\000n\000\351\000e\000s\000\040\000d\000e\000\040\000l\000'\000a\000u\000t\000e\000u\000r}{section.1}% 2
\BOOKMARK [2][-]{subsection.1.2}{\376\377\000U\000n\000\040\000m\000o\000t\000\040\000d\000e\000\040\000l\000'\000a\000u\000t\000e\000u\000r}{section.1}% 3
\BOOKMARK [1][-]{section.2}{\376\377\000P\000r\000e\000m\000i\000\350\000r\000e\000\040\000P\000a\000r\000t\000i\000e\000\040\000:\000\040\000L\000a\000\040\000G\000\351\000o\000m\000\351\000t\000r\000i\000e\000\040\000d\000u\000\040\000S\000p\000e\000c\000t\000r\000e\000\040\000d\000e\000s\000\040\000N\000o\000m\000b\000r\000e\000s\000\040\000P\000r\000e\000m\000i\000e\000r\000s}{}% 4
\BOOKMARK [2][-]{subsection.2.1}{\376\377\000M\000o\000u\000v\000e\000m\000e\000n\000t\000\040\000d\000u\000\040\000p\000l\000a\000n\000\040\000c\000a\000r\000t\000\351\000s\000i\000e\000n\000\040\000e\000t\000\040\000T\000e\000s\000s\000e\000r\000a\000c\000t}{section.2}% 5
\BOOKMARK [2][-]{subsection.2.2}{\376\377\000M\000o\000u\000v\000e\000m\000e\000n\000t\000\040\000d\000e\000\040\000l\000'\000h\000y\000p\000e\000r\000c\000u\000b\000e\000\040\000s\000u\000r\000f\000a\000c\000e\000\040\000p\000a\000r\000\040\000s\000u\000r\000f\000a\000c\000e}{section.2}% 6
\BOOKMARK [3][-]{subsubsection.2.2.1}{\376\377\000P\000r\000o\000d\000u\000i\000t\000\040\000a\000l\000t\000e\000r\000n\000a\000t\000i\000f\000\040\000s\000y\000m\000\351\000t\000r\000i\000q\000u\000e}{subsection.2.2}% 7
\BOOKMARK [3][-]{subsubsection.2.2.2}{\376\377\000P\000r\000o\000d\000u\000i\000t\000\040\000a\000l\000t\000e\000r\000n\000a\000t\000i\000f\000\040\000a\000s\000y\000m\000\351\000t\000r\000i\000q\000u\000e}{subsection.2.2}% 8
\BOOKMARK [1][-]{section.3}{\376\377\000A\000n\000a\000l\000y\000s\000e\000\040\000N\000u\000m\000\351\000r\000i\000q\000u\000e\000\040\000M\000\351\000t\000r\000i\000q\000u\000e}{}% 9
\BOOKMARK [2][-]{subsection.3.1}{\376\377\000A\000n\000a\000l\000y\000s\000e\000\040\000n\000u\000m\000\351\000r\000i\000q\000u\000e\000\040\000m\000\351\000t\000r\000i\000q\000u\000e\000\040\000e\000n\000\040\0003\000\040\000d\000i\000m\000e\000n\000s\000i\000o\000n\000s}{section.3}% 10
\BOOKMARK [2][-]{subsection.3.2}{\376\377\000G\000\351\000o\000m\000\351\000t\000r\000i\000e\000\040\000d\000e\000s\000\040\000s\000u\000i\000t\000e\000s}{section.3}% 11
\BOOKMARK [1][-]{section.4}{\376\377\000L\000a\000\040\000M\000\351\000t\000h\000o\000d\000e\000\040\000d\000e\000\040\000P\000h\000i\000l\000i\000p\000p\000\364\000t\000\040\040\023\000\040\000V\000a\000l\000i\000d\000a\000t\000i\000o\000n\000\040\000I\000s\000a\000b\000e\000l\000l\000e\000/\000H\000O\000L}{}% 12
\BOOKMARK [2][-]{subsection.4.1}{\376\377\000S\000c\000r\000i\000p\000t\000\040\000H\000O\000L\000\040\000C\000o\000m\000p\000l\000e\000t\000\040\000:\000\040\000m\000e\000t\000h\000o\000d\000e\000\137\000d\000e\000\137\000p\000h\000i\000l\000i\000p\000p\000o\000t\000.\000t\000h\000y}{section.4}% 13
\BOOKMARK [2][-]{subsection.4.2}{\376\377\000T\000a\000b\000l\000e\000a\000u\000\040\000f\000r\000a\000c\000t\000i\000o\000n\000n\000a\000i\000r\000e\000\040\040\023\000\040\000E\000t\000a\000p\000e\000\040\0001}{section.4}% 14
\BOOKMARK [2][-]{subsection.4.3}{\376\377\000M\000e\000t\000h\000o\000d\000e\000\040\000d\000e\000\040\000P\000h\000i\000l\000i\000p\000p\000o\000t\000\040\040\023\000\040\000T\000a\000b\000l\000e\000a\000u\000\040\000d\000e\000s\000\040\000E\000t\000a\000p\000e\000s\000\040\0002\000\040\000e\000t\000\040\0003}{section.4}% 15
\BOOKMARK [1][-]{section.5}{\376\377\000L\000e\000s\000\040\000N\000o\000m\000b\000r\000e\000s\000\040\000P\000r\000e\000m\000i\000e\000r\000s\000\040\000e\000t\000\040\000l\000'\000E\000m\000p\000l\000o\000i\000\040\000d\000u\000\040\000D\000i\000g\000a\000m\000m\000a}{}% 16
\BOOKMARK [2][-]{subsection.5.1}{\376\377\000E\000x\000e\000m\000p\000l\000e\000\040\000:\000\040\000D\000e\000t\000e\000r\000m\000i\000n\000e\000r\000\040\000l\000e\000\040\000n\000o\000m\000b\000r\000e\000\040\000p\000r\000e\000m\000i\000e\000r\000\040\000\050\0005\000\051}{section.5}% 17
\BOOKMARK [2][-]{subsection.5.2}{\376\377\000T\000a\000b\000l\000e\000a\000u\000\040\000d\000e\000s\000\040\000v\000a\000l\000e\000u\000r\000s\000\040\000d\000e\000\040\000l\000'\000i\000n\000t\000e\000r\000v\000a\000l\000l\000e\000\040\0002\0009\000,\000\040\0003\0001\000,\000\040\0003\0007\000,\000\040\0004\0001}{section.5}% 18
\BOOKMARK [2][-]{subsection.5.3}{\376\377\000E\000x\000e\000m\000p\000l\000e\000\040\000c\000o\000m\000p\000l\000e\000t\000\040\000:\000\040\000D\000e\000t\000e\000r\000m\000i\000n\000e\000r\000\040\000l\000e\000\040\000n\000o\000m\000b\000r\000e\000\040\000p\000r\000e\000m\000i\000e\000r\000\040\000\050\0003\0001\000\051}{section.5}% 19
\BOOKMARK [3][-]{subsubsection.5.3.1}{\376\377\000V\000e\000r\000i\000f\000i\000c\000a\000t\000i\000o\000n}{subsection.5.3}% 20
\BOOKMARK [3][-]{subsubsection.5.3.2}{\376\377\000V\000e\000r\000i\000f\000i\000c\000a\000t\000i\000o\000n\000\040\000a\000l\000t\000e\000r\000n\000a\000t\000i\000v\000e}{subsection.5.3}% 21
\BOOKMARK [3][-]{subsubsection.5.3.3}{\376\377\000E\000x\000e\000m\000p\000l\000e\000s\000\040\000n\000u\000m\000e\000r\000i\000q\000u\000e\000s\000\040\000d\000e\000m\000o\000n\000t\000r\000a\000n\000t\000\040\000l\000'\000i\000n\000c\000o\000h\000e\000r\000e\000n\000c\000e}{subsection.5.3}% 22
\BOOKMARK [3][-]{subsubsection.5.3.4}{\376\377\000E\000x\000p\000l\000i\000c\000a\000t\000i\000o\000n\000\040\000d\000e\000\040\000l\000'\000i\000n\000c\000o\000h\000e\000r\000e\000n\000c\000e}{subsection.5.3}% 23
\BOOKMARK [3][-]{subsubsection.5.3.5}{\376\377\000A\000x\000i\000o\000m\000a\000t\000i\000s\000a\000t\000i\000o\000n}{subsection.5.3}% 24
\BOOKMARK [1][-]{section.6}{\376\377\000F\000o\000r\000m\000e\000\040\000G\000e\000n\000e\000r\000a\000l\000e\000\040\000d\000e\000s\000\040\000S\000u\000i\000t\000e\000s\000\040\040\023\000\040\000S\000c\000r\000i\000p\000t\000\040\000H\000O\000L\000\040\000C\000o\000m\000p\000l\000e\000t}{}% 25
\BOOKMARK [2][-]{subsection.6.1}{\376\377\000S\000c\000r\000i\000p\000t\000\040\000H\000O\000L\000\040\000C\000o\000m\000p\000l\000e\000t\000\040\000:\000\040\000m\000e\000t\000h\000o\000d\000e\000\137\000s\000p\000e\000c\000t\000r\000a\000l\000.\000t\000h\000y\000\040\000\050\000P\000a\000r\000t\000i\000e\000\040\0001\000\051}{section.6}% 26
\BOOKMARK [2][-]{subsection.6.2}{\376\377\000S\000c\000r\000i\000p\000t\000\040\000H\000O\000L\000\040\000C\000o\000m\000p\000l\000e\000t\000\040\000:\000\040\000m\000e\000t\000h\000o\000d\000e\000\137\000s\000p\000e\000c\000t\000r\000a\000l\000.\000t\000h\000y\000\040\000\050\000P\000a\000r\000t\000i\000e\000\040\0002\000\051}{section.6}% 27
\BOOKMARK [2][-]{subsection.6.3}{\376\377\000S\000c\000r\000i\000p\000t\000\040\000H\000O\000L\000\040\000C\000o\000m\000p\000l\000e\000t\000\040\000:\000\040\000m\000e\000t\000h\000o\000d\000e\000\137\000s\000p\000e\000c\000t\000r\000a\000l\000.\000t\000h\000y\000\040\000\050\000P\000a\000r\000t\000i\000e\000\040\0003\000\051}{section.6}% 28
\BOOKMARK [2][-]{subsection.6.4}{\376\377\000S\000c\000r\000i\000p\000t\000\040\000H\000O\000L\000\040\000C\000o\000m\000p\000l\000e\000t\000\040\000:\000\040\000m\000e\000t\000h\000o\000d\000e\000\137\000s\000p\000e\000c\000t\000r\000a\000l\000.\000t\000h\000y\000\040\000\050\000P\000a\000r\000t\000i\000e\000\040\0005\000\051}{section.6}% 29
\BOOKMARK [2][-]{subsection.6.5}{\376\377\000S\000c\000r\000i\000p\000t\000\040\000H\000O\000L\000\040\000C\000o\000m\000p\000l\000e\000t\000\040\000:\000\040\000m\000e\000t\000h\000o\000d\000e\000\137\000s\000p\000e\000c\000t\000r\000a\000l\000.\000t\000h\000y\000\040\000\050\000P\000a\000r\000t\000i\000e\000\040\0006\000\040\000-\000\040\000F\000i\000n\000\051}{section.6}% 30
\BOOKMARK [1][-]{section.7}{\376\377\000T\000a\000b\000l\000e\000a\000u\000x\000\040\000C\000o\000m\000p\000l\000e\000t\000s\000\040\000d\000e\000s\000\040\000D\000e\000u\000x\000\040\000S\000u\000i\000t\000e\000s}{}% 31
\BOOKMARK [2][-]{subsection.7.1}{\376\377\000T\000a\000b\000l\000e\000a\000u\000\040\000p\000o\000u\000r\000\040\000l\000e\000\040\000n\000o\000m\000b\000r\000e\000\040\000p\000r\000e\000m\000i\000e\000r\000\040\0002\0009\000\040\000\050\0001\0000\000e\000\040\000n\000o\000m\000b\000r\000e\000\040\000p\000r\000e\000m\000i\000e\000r\000\051}{section.7}% 32
